SF:lib\services\accuracy_filter.dart
DA:5,1
DA:7,1
DA:13,1
DA:15,1
DA:16,2
DA:20,1
DA:22,2
LF:7
LH:7
end_of_record
SF:lib\services\coordinate_utils.dart
DA:14,2
DA:16,1
DA:17,5
DA:18,5
DA:20,0
DA:22,2
DA:23,1
DA:24,1
DA:27,1
DA:28,1
DA:29,2
DA:30,2
DA:33,1
DA:35,1
DA:36,3
DA:37,3
DA:39,0
DA:40,0
DA:42,0
DA:43,0
DA:49,1
DA:50,3
DA:52,1
DA:55,1
DA:56,1
DA:57,3
DA:58,2
DA:59,1
DA:64,1
DA:69,2
DA:70,3
DA:71,3
DA:72,1
DA:76,1
DA:83,2
DA:84,1
DA:85,2
DA:86,2
DA:87,3
DA:88,1
DA:90,1
DA:91,2
DA:92,2
DA:93,3
DA:94,1
DA:96,1
DA:100,1
DA:104,2
DA:105,3
DA:106,3
DA:107,1
DA:115,2
DA:118,1
DA:119,2
DA:120,4
DA:121,4
DA:122,1
DA:128,1
DA:129,3
LF:59
LH:54
end_of_record
SF:lib\services\gps_log_store.dart
DA:18,1
DA:39,1
DA:41,0
DA:42,0
DA:43,0
DA:46,1
DA:47,1
DA:48,1
DA:49,0
DA:54,1
DA:55,1
DA:56,3
DA:60,1
DA:61,1
DA:62,1
DA:63,1
DA:64,1
DA:69,1
DA:75,2
DA:76,1
DA:77,0
DA:80,1
DA:81,2
DA:82,1
DA:83,1
DA:84,1
DA:85,1
DA:86,1
DA:87,2
DA:88,2
DA:89,2
DA:90,2
DA:91,1
DA:93,2
DA:95,1
DA:99,1
DA:100,1
DA:101,1
DA:102,1
DA:107,1
DA:108,2
DA:109,1
DA:110,1
DA:111,4
DA:115,1
DA:116,2
DA:117,1
DA:118,1
DA:119,2
DA:120,2
DA:121,2
DA:122,2
DA:125,1
DA:126,2
DA:127,1
DA:128,1
DA:133,0
DA:137,0
DA:138,0
DA:139,0
DA:141,0
DA:142,0
DA:148,1
DA:149,3
DA:150,2
LF:65
LH:54
end_of_record
SF:lib\data\app_database.g.dart
DA:10,3
DA:13,6
DA:14,3
DA:19,3
DA:22,6
DA:23,3
DA:28,6
DA:29,3
DA:36,6
DA:37,3
DA:41,3
DA:46,6
DA:47,3
DA:54,6
DA:55,3
DA:62,6
DA:63,3
DA:67,3
DA:69,3
DA:71,24
DA:72,3
DA:73,6
DA:74,3
DA:77,3
DA:80,3
DA:81,3
DA:82,3
DA:83,0
DA:85,3
DA:86,3
DA:87,9
DA:89,0
DA:91,3
DA:92,2
DA:94,4
DA:95,2
DA:97,3
DA:98,2
DA:99,6
DA:101,3
DA:102,2
DA:104,4
DA:105,2
DA:107,3
DA:108,0
DA:109,0
DA:111,3
DA:112,3
DA:113,9
DA:118,2
DA:119,2
DA:120,3
DA:122,0
DA:123,3
DA:124,6
DA:125,9
DA:126,6
DA:127,9
DA:128,6
DA:129,9
DA:130,6
DA:131,9
DA:132,9
DA:133,6
DA:134,6
DA:135,9
DA:136,6
DA:137,9
DA:141,0
DA:143,0
DA:155,3
DA:163,0
DA:165,0
DA:166,0
DA:167,0
DA:168,0
DA:169,0
DA:170,0
DA:171,0
DA:172,0
DA:176,0
DA:177,0
DA:178,0
DA:179,0
DA:180,0
DA:181,0
DA:182,0
DA:183,0
DA:184,0
DA:188,0
DA:190,0
DA:191,0
DA:192,0
DA:193,0
DA:194,0
DA:195,0
DA:196,0
DA:197,0
DA:198,0
DA:201,0
DA:203,0
DA:204,0
DA:205,0
DA:206,0
DA:207,0
DA:208,0
DA:209,0
DA:210,0
DA:211,0
DA:215,0
DA:223,0
DA:224,0
DA:225,0
DA:226,0
DA:227,0
DA:228,0
DA:229,0
DA:230,0
DA:232,0
DA:233,0
DA:234,0
DA:235,0
DA:237,0
DA:238,0
DA:239,0
DA:240,0
DA:241,0
DA:242,0
DA:243,0
DA:247,0
DA:249,0
DA:250,0
DA:251,0
DA:252,0
DA:253,0
DA:254,0
DA:255,0
DA:256,0
DA:257,0
DA:258,0
DA:261,0
DA:262,0
DA:263,0
DA:264,0
DA:267,0
DA:268,0
DA:269,0
DA:270,0
DA:271,0
DA:272,0
DA:273,0
DA:274,0
DA:285,3
DA:294,0
DA:302,0
DA:303,0
DA:312,0
DA:313,0
DA:314,0
DA:315,0
DA:316,0
DA:317,0
DA:318,0
DA:319,0
DA:323,0
DA:331,0
DA:332,0
DA:333,0
DA:334,0
DA:335,0
DA:336,0
DA:337,0
DA:338,0
DA:342,3
DA:344,3
DA:345,6
DA:346,0
DA:348,6
DA:349,12
DA:351,6
DA:352,8
DA:354,6
DA:355,8
DA:357,6
DA:358,8
DA:360,6
DA:361,0
DA:363,6
DA:364,12
DA:369,0
DA:371,0
DA:372,0
DA:373,0
DA:374,0
DA:375,0
DA:376,0
DA:377,0
DA:378,0
DA:379,0
DA:380,0
DA:389,3
DA:392,6
DA:393,3
DA:398,3
DA:402,6
DA:403,3
DA:407,3
DA:410,6
DA:411,3
DA:415,6
DA:416,3
DA:423,6
DA:424,3
DA:431,6
DA:432,3
DA:436,3
DA:438,21
DA:439,3
DA:440,6
DA:441,3
DA:444,2
DA:447,2
DA:448,2
DA:449,2
DA:450,0
DA:452,2
DA:453,2
DA:454,6
DA:456,0
DA:458,2
DA:459,2
DA:460,6
DA:462,0
DA:464,2
DA:465,2
DA:466,6
DA:468,2
DA:469,1
DA:470,3
DA:472,2
DA:473,0
DA:474,0
DA:479,2
DA:480,2
DA:481,2
DA:483,0
DA:484,2
DA:485,4
DA:486,6
DA:487,4
DA:488,6
DA:489,4
DA:490,6
DA:491,4
DA:492,6
DA:493,4
DA:494,6
DA:495,4
DA:496,6
DA:500,0
DA:502,0
DA:513,2
DA:520,0
DA:522,0
DA:523,0
DA:524,0
DA:525,0
DA:526,0
DA:527,0
DA:528,0
DA:532,0
DA:533,0
DA:534,0
DA:535,0
DA:536,0
DA:537,0
DA:538,0
DA:539,0
DA:543,0
DA:545,0
DA:546,0
DA:547,0
DA:548,0
DA:549,0
DA:550,0
DA:551,0
DA:552,0
DA:555,0
DA:557,0
DA:558,0
DA:559,0
DA:560,0
DA:561,0
DA:562,0
DA:563,0
DA:564,0
DA:568,0
DA:575,0
DA:576,0
DA:577,0
DA:578,0
DA:579,0
DA:580,0
DA:581,0
DA:583,0
DA:584,0
DA:585,0
DA:586,0
DA:587,0
DA:588,0
DA:589,0
DA:590,0
DA:594,0
DA:596,0
DA:597,0
DA:598,0
DA:599,0
DA:600,0
DA:601,0
DA:602,0
DA:603,0
DA:604,0
DA:607,0
DA:609,0
DA:610,0
DA:613,0
DA:614,0
DA:615,0
DA:616,0
DA:617,0
DA:618,0
DA:619,0
DA:629,2
DA:637,0
DA:644,0
DA:645,0
DA:646,0
DA:654,0
DA:655,0
DA:656,0
DA:657,0
DA:658,0
DA:659,0
DA:660,0
DA:664,0
DA:671,0
DA:672,0
DA:673,0
DA:674,0
DA:675,0
DA:676,0
DA:677,0
DA:681,2
DA:683,2
DA:684,4
DA:685,0
DA:687,4
DA:688,8
DA:690,4
DA:691,8
DA:693,4
DA:694,8
DA:696,4
DA:697,4
DA:699,4
DA:700,0
DA:705,0
DA:707,0
DA:708,0
DA:709,0
DA:710,0
DA:711,0
DA:712,0
DA:713,0
DA:714,0
DA:715,0
DA:724,2
DA:727,4
DA:728,2
DA:733,2
DA:736,4
DA:737,2
DA:742,4
DA:743,2
DA:749,4
DA:750,2
DA:755,4
DA:756,2
DA:763,4
DA:764,2
DA:768,2
DA:770,14
DA:771,2
DA:772,4
DA:773,2
DA:776,1
DA:779,1
DA:780,1
DA:781,1
DA:782,0
DA:784,1
DA:785,1
DA:786,3
DA:788,0
DA:790,1
DA:791,1
DA:793,2
DA:794,1
DA:796,1
DA:797,1
DA:798,3
DA:800,0
DA:802,1
DA:803,1
DA:804,3
DA:806,1
DA:807,0
DA:808,0
DA:813,2
DA:814,2
DA:815,1
DA:817,0
DA:818,1
DA:819,2
DA:820,3
DA:821,2
DA:822,3
DA:823,2
DA:824,3
DA:825,2
DA:826,3
DA:827,2
DA:828,3
DA:829,2
DA:830,3
DA:834,0
DA:836,0
DA:847,1
DA:854,0
DA:856,0
DA:857,0
DA:858,0
DA:859,0
DA:860,0
DA:861,0
DA:862,0
DA:866,0
DA:867,0
DA:868,0
DA:869,0
DA:870,0
DA:871,0
DA:872,0
DA:873,0
DA:877,0
DA:879,0
DA:880,0
DA:881,0
DA:882,0
DA:883,0
DA:884,0
DA:885,0
DA:886,0
DA:889,0
DA:891,0
DA:892,0
DA:893,0
DA:894,0
DA:895,0
DA:896,0
DA:897,0
DA:898,0
DA:902,0
DA:909,0
DA:910,0
DA:911,0
DA:912,0
DA:913,0
DA:914,0
DA:915,0
DA:917,0
DA:918,0
DA:919,0
DA:920,0
DA:922,0
DA:923,0
DA:924,0
DA:925,0
DA:929,0
DA:931,0
DA:932,0
DA:933,0
DA:934,0
DA:935,0
DA:936,0
DA:937,0
DA:938,0
DA:939,0
DA:942,0
DA:944,0
DA:945,0
DA:948,0
DA:949,0
DA:950,0
DA:951,0
DA:952,0
DA:953,0
DA:954,0
DA:964,1
DA:972,0
DA:979,0
DA:980,0
DA:981,0
DA:989,0
DA:990,0
DA:991,0
DA:992,0
DA:993,0
DA:994,0
DA:995,0
DA:999,0
DA:1006,0
DA:1007,0
DA:1008,0
DA:1009,0
DA:1010,0
DA:1011,0
DA:1012,0
DA:1016,1
DA:1018,1
DA:1019,2
DA:1020,0
DA:1022,2
DA:1023,4
DA:1025,2
DA:1026,4
DA:1028,2
DA:1029,4
DA:1031,2
DA:1032,4
DA:1034,2
DA:1035,0
DA:1040,0
DA:1042,0
DA:1043,0
DA:1044,0
DA:1045,0
DA:1046,0
DA:1047,0
DA:1048,0
DA:1049,0
DA:1050,0
DA:1059,3
DA:1062,6
DA:1063,3
DA:1067,4
DA:1068,2
DA:1070,2
DA:1071,6
DA:1072,3
DA:1073,6
DA:1074,3
DA:1077,1
DA:1080,1
DA:1081,1
DA:1082,1
DA:1083,1
DA:1084,3
DA:1086,0
DA:1088,1
DA:1089,1
DA:1090,3
DA:1092,0
DA:1097,2
DA:1098,2
DA:1099,1
DA:1101,0
DA:1102,1
DA:1103,2
DA:1104,3
DA:1105,2
DA:1106,3
DA:1110,1
DA:1112,2
DA:1119,1
DA:1120,0
DA:1122,0
DA:1123,0
DA:1124,0
DA:1128,0
DA:1129,0
DA:1130,0
DA:1131,0
DA:1135,0
DA:1137,0
DA:1138,0
DA:1139,0
DA:1140,0
DA:1143,0
DA:1145,0
DA:1146,0
DA:1147,0
DA:1148,0
DA:1152,0
DA:1153,0
DA:1154,0
DA:1156,0
DA:1157,0
DA:1158,0
DA:1159,0
DA:1163,0
DA:1165,0
DA:1166,0
DA:1167,0
DA:1168,0
DA:1169,0
DA:1172,0
DA:1173,0
DA:1174,0
DA:1177,0
DA:1178,0
DA:1179,0
DA:1186,1
DA:1191,1
DA:1195,1
DA:1196,1
DA:1197,0
DA:1202,0
DA:1203,0
DA:1204,0
DA:1205,0
DA:1209,0
DA:1211,0
DA:1212,0
DA:1213,0
DA:1214,0
DA:1218,1
DA:1220,1
DA:1221,2
DA:1222,4
DA:1224,2
DA:1225,4
DA:1227,2
DA:1228,0
DA:1233,0
DA:1235,0
DA:1236,0
DA:1237,0
DA:1238,0
DA:1239,0
DA:1240,0
DA:1248,2
DA:1251,4
DA:1252,2
DA:1257,2
DA:1260,4
DA:1261,2
DA:1266,4
DA:1267,2
DA:1274,4
DA:1275,2
DA:1279,2
DA:1280,10
DA:1281,2
DA:1282,4
DA:1283,2
DA:1286,1
DA:1289,1
DA:1290,1
DA:1291,1
DA:1292,0
DA:1294,1
DA:1295,1
DA:1296,3
DA:1298,0
DA:1300,1
DA:1301,1
DA:1302,3
DA:1304,1
DA:1305,0
DA:1306,0
DA:1311,2
DA:1312,2
DA:1313,1
DA:1315,0
DA:1316,1
DA:1317,2
DA:1318,3
DA:1319,2
DA:1320,3
DA:1321,2
DA:1322,3
DA:1323,2
DA:1324,3
DA:1328,0
DA:1330,0
DA:1339,1
DA:1344,0
DA:1346,0
DA:1347,0
DA:1348,0
DA:1349,0
DA:1350,0
DA:1354,0
DA:1355,0
DA:1356,0
DA:1357,0
DA:1358,0
DA:1359,0
DA:1363,0
DA:1365,0
DA:1366,0
DA:1367,0
DA:1368,0
DA:1369,0
DA:1370,0
DA:1373,0
DA:1375,0
DA:1376,0
DA:1377,0
DA:1378,0
DA:1379,0
DA:1380,0
DA:1384,0
DA:1386,0
DA:1387,0
DA:1388,0
DA:1389,0
DA:1390,0
DA:1392,0
DA:1393,0
DA:1394,0
DA:1395,0
DA:1396,0
DA:1397,0
DA:1401,0
DA:1403,0
DA:1404,0
DA:1405,0
DA:1406,0
DA:1407,0
DA:1408,0
DA:1409,0
DA:1412,0
DA:1413,0
DA:1414,0
DA:1417,0
DA:1418,0
DA:1419,0
DA:1420,0
DA:1421,0
DA:1429,1
DA:1435,1
DA:1440,1
DA:1441,0
DA:1447,0
DA:1448,0
DA:1449,0
DA:1450,0
DA:1451,0
DA:1455,0
DA:1460,0
DA:1461,0
DA:1462,0
DA:1463,0
DA:1464,0
DA:1468,1
DA:1470,1
DA:1471,2
DA:1472,0
DA:1474,2
DA:1475,4
DA:1477,2
DA:1478,4
DA:1480,2
DA:1481,0
DA:1486,0
DA:1488,0
DA:1489,0
DA:1490,0
DA:1491,0
DA:1492,0
DA:1493,0
DA:1494,0
DA:1499,6
DA:1500,0
DA:1501,6
DA:1502,6
DA:1503,4
DA:1504,6
DA:1505,4
DA:1506,0
DA:1508,0
DA:1509,2
DA:1511,12
DA:1535,0
DA:1537,0
DA:1539,0
DA:1540,0
DA:1541,0
DA:1543,0
DA:1544,0
DA:1545,0
DA:1547,0
DA:1548,0
DA:1549,0
DA:1555,0
DA:1562,0
DA:1563,0
DA:1565,0
DA:1566,0
DA:1568,0
DA:1569,0
DA:1571,0
DA:1572,0
DA:1574,0
DA:1575,0
DA:1577,0
DA:1578,0
DA:1580,0
DA:1581,0
DA:1583,0
DA:1585,0
DA:1587,0
DA:1588,0
DA:1589,0
DA:1590,0
DA:1593,0
DA:1594,0
DA:1595,0
DA:1601,0
DA:1607,0
DA:1614,0
DA:1615,0
DA:1617,0
DA:1618,0
DA:1620,0
DA:1621,0
DA:1623,0
DA:1624,0
DA:1626,0
DA:1627,0
DA:1628,0
DA:1630,0
DA:1631,0
DA:1633,0
DA:1634,0
DA:1639,0
DA:1646,0
DA:1647,0
DA:1649,0
DA:1650,0
DA:1652,0
DA:1653,0
DA:1655,0
DA:1656,0
DA:1658,0
DA:1659,0
DA:1661,0
DA:1662,0
DA:1664,0
DA:1665,0
DA:1667,0
DA:1669,0
DA:1671,0
DA:1672,0
DA:1673,0
DA:1674,0
DA:1677,0
DA:1678,0
DA:1679,0
DA:1685,0
DA:1701,0
DA:1702,0
DA:1705,0
DA:1706,0
DA:1707,0
DA:1708,0
DA:1709,0
DA:1710,0
DA:1711,0
DA:1720,0
DA:1729,0
DA:1738,0
DA:1747,0
DA:1748,0
DA:1749,0
DA:1750,0
DA:1751,0
DA:1752,0
DA:1754,0
DA:1755,0
DA:1758,0
DA:1759,0
DA:1761,0
DA:1764,0
DA:1765,0
DA:1766,0
DA:1767,0
DA:1769,0
DA:1770,0
DA:1812,0
DA:1815,0
DA:1816,0
DA:1817,0
DA:1819,0
DA:1820,0
DA:1821,0
DA:1822,0
DA:1824,0
DA:1825,0
DA:1831,0
DA:1838,0
DA:1839,0
DA:1841,0
DA:1842,0
DA:1844,0
DA:1845,0
DA:1847,0
DA:1848,0
DA:1850,0
DA:1851,0
DA:1853,0
DA:1854,0
DA:1856,0
DA:1857,0
DA:1858,0
DA:1859,0
DA:1862,0
DA:1863,0
DA:1864,0
DA:1876,0
DA:1883,0
DA:1884,0
DA:1886,0
DA:1887,0
DA:1889,0
DA:1890,0
DA:1892,0
DA:1893,0
DA:1895,0
DA:1896,0
DA:1898,0
DA:1899,0
DA:1901,0
DA:1902,0
DA:1903,0
DA:1904,0
DA:1907,0
DA:1908,0
DA:1909,0
DA:1921,0
DA:1928,0
DA:1929,0
DA:1931,0
DA:1932,0
DA:1934,0
DA:1935,0
DA:1937,0
DA:1938,0
DA:1940,0
DA:1941,0
DA:1943,0
DA:1944,0
DA:1946,0
DA:1947,0
DA:1948,0
DA:1949,0
DA:1952,0
DA:1953,0
DA:1954,0
DA:1976,0
DA:1978,0
DA:1981,0
DA:1982,0
DA:1983,0
DA:1984,0
DA:1985,0
DA:1986,0
DA:1987,0
DA:1995,0
DA:2003,0
DA:2011,0
DA:2019,0
DA:2020,0
DA:2021,0
DA:2022,0
DA:2024,0
DA:2025,0
DA:2026,0
DA:2028,0
DA:2041,0
DA:2043,0
DA:2045,0
DA:2047,0
DA:2049,0
DA:2055,0
DA:2056,0
DA:2096,0
DA:2103,0
DA:2104,0
DA:2106,0
DA:2107,0
DA:2109,0
DA:2110,0
DA:2112,0
DA:2113,0
DA:2115,0
DA:2116,0
DA:2118,0
DA:2119,0
DA:2124,0
DA:2131,0
DA:2132,0
DA:2134,0
DA:2135,0
DA:2137,0
DA:2138,0
DA:2140,0
DA:2141,0
DA:2143,0
DA:2144,0
DA:2146,0
DA:2147,0
DA:2152,0
DA:2159,0
DA:2160,0
DA:2162,0
DA:2163,0
DA:2165,0
DA:2166,0
DA:2168,0
DA:2169,0
DA:2171,0
DA:2172,0
DA:2174,0
DA:2175,0
DA:2190,0
DA:2191,0
DA:2194,0
DA:2195,0
DA:2196,0
DA:2197,0
DA:2198,0
DA:2199,0
DA:2200,0
DA:2208,0
DA:2216,0
DA:2224,0
DA:2232,0
DA:2233,0
DA:2234,0
DA:2266,0
DA:2273,0
DA:2274,0
DA:2276,0
DA:2277,0
DA:2282,0
DA:2289,0
DA:2290,0
DA:2292,0
DA:2293,0
DA:2298,0
DA:2305,0
DA:2306,0
DA:2308,0
DA:2309,0
DA:2324,0
DA:2325,0
DA:2328,0
DA:2329,0
DA:2330,0
DA:2331,0
DA:2332,0
DA:2333,0
DA:2334,0
DA:2339,0
DA:2344,0
DA:2349,0
DA:2354,0
DA:2355,0
DA:2356,0
DA:2388,0
DA:2395,0
DA:2396,0
DA:2398,0
DA:2399,0
DA:2401,0
DA:2402,0
DA:2404,0
DA:2405,0
DA:2410,0
DA:2417,0
DA:2418,0
DA:2420,0
DA:2421,0
DA:2423,0
DA:2424,0
DA:2426,0
DA:2427,0
DA:2432,0
DA:2439,0
DA:2440,0
DA:2442,0
DA:2443,0
DA:2445,0
DA:2446,0
DA:2448,0
DA:2449,0
DA:2464,0
DA:2465,0
DA:2468,0
DA:2469,0
DA:2470,0
DA:2471,0
DA:2472,0
DA:2473,0
DA:2474,0
DA:2480,0
DA:2486,0
DA:2492,0
DA:2498,0
DA:2499,0
DA:2500,0
DA:2520,0
DA:2521,0
DA:2522,0
DA:2523,0
DA:2524,0
DA:2525,0
DA:2526,0
DA:2527,0
DA:2528,0
DA:2529,0
DA:2530,0
LF:1135
LH:312
end_of_record
SF:lib\data\app_database.dart
DA:12,0
DA:13,0
DA:14,0
DA:15,0
DA:16,0
DA:17,0
DA:18,0
DA:22,0
DA:23,0
DA:24,0
DA:25,0
DA:26,0
DA:27,0
DA:31,0
DA:32,0
DA:33,0
DA:34,0
DA:35,0
DA:36,0
DA:40,0
DA:41,0
DA:43,0
DA:44,0
DA:48,0
DA:49,0
DA:50,0
DA:51,0
DA:56,3
DA:58,2
DA:59,4
DA:61,3
DA:64,3
DA:65,3
DA:66,0
DA:67,0
DA:68,0
DA:70,0
DA:71,0
DA:73,0
DA:74,0
DA:75,0
DA:76,0
DA:78,0
DA:79,0
DA:80,0
DA:81,0
DA:86,2
DA:87,4
DA:88,10
DA:90,8
DA:92,2
DA:95,3
DA:96,3
DA:97,3
DA:98,6
DA:99,12
DA:100,3
DA:103,2
DA:104,4
DA:107,12
DA:109,2
DA:110,6
DA:112,2
DA:113,4
DA:114,10
DA:115,2
DA:118,0
DA:119,0
DA:120,0
DA:123,1
DA:124,1
DA:125,1
DA:128,2
DA:133,4
DA:135,2
DA:136,4
DA:137,4
DA:138,2
DA:142,2
DA:145,2
DA:152,14
DA:153,2
DA:154,4
DA:157,2
DA:160,1
DA:161,2
DA:166,2
DA:167,2
DA:169,2
DA:170,6
DA:171,4
DA:172,4
DA:173,8
DA:174,2
DA:175,2
DA:180,1
DA:181,3
DA:183,1
DA:184,2
DA:185,5
DA:186,1
DA:189,1
DA:190,2
DA:191,4
DA:192,1
DA:195,1
DA:196,7
DA:198,1
DA:205,7
DA:206,1
DA:207,1
DA:210,0
DA:211,1
DA:212,1
DA:219,2
DA:220,4
DA:221,8
DA:222,2
DA:223,1
DA:226,1
DA:227,3
DA:228,1
DA:229,1
DA:230,3
DA:231,3
DA:238,4
DA:240,1
DA:241,2
DA:242,5
DA:243,1
DA:246,1
DA:247,7
DA:248,2
DA:252,1
DA:253,7
DA:256,1
DA:257,2
DA:258,1
DA:259,3
DA:260,1
LF:140
LH:96
end_of_record
SF:lib\models\survey_form.dart
DA:13,3
DA:21,4
DA:22,2
DA:23,2
DA:24,2
DA:25,10
DA:26,2
DA:29,2
DA:30,1
DA:31,1
DA:32,1
DA:33,1
DA:34,3
DA:35,1
DA:36,1
DA:54,3
DA:69,4
DA:70,2
DA:71,2
DA:72,8
DA:73,2
DA:74,2
DA:75,2
DA:76,2
DA:77,2
DA:78,2
DA:79,2
DA:80,2
DA:81,2
DA:84,2
DA:85,1
DA:86,1
DA:87,2
DA:88,1
DA:89,1
DA:90,1
DA:91,1
DA:92,1
DA:93,1
DA:94,0
DA:95,0
DA:96,1
DA:97,1
DA:98,1
DA:101,0
DA:102,0
DA:126,1
DA:127,1
DA:128,1
DA:130,1
DA:132,0
DA:134,0
DA:136,0
DA:138,0
DA:140,0
DA:142,0
DA:144,0
DA:146,0
DA:148,0
DA:150,0
DA:152,0
DA:154,0
DA:156,0
DA:158,0
DA:169,2
DA:171,0
DA:172,0
DA:173,0
DA:176,0
DA:177,0
DA:178,0
DA:185,0
DA:189,0
DA:190,0
DA:197,0
DA:202,0
DA:203,0
DA:204,0
DA:205,0
DA:208,0
DA:214,0
DA:215,0
DA:216,0
DA:217,0
DA:220,0
DA:228,0
DA:235,0
DA:244,0
DA:248,0
DA:249,0
DA:254,0
DA:255,0
DA:256,0
DA:257,0
DA:258,0
DA:261,0
DA:266,0
DA:267,0
DA:268,0
DA:269,0
DA:272,0
DA:277,0
DA:278,0
DA:279,0
DA:282,0
DA:287,0
DA:288,0
DA:289,0
DA:290,0
LF:109
LH:47
end_of_record
SF:lib\services\geotag_writer.dart
DA:27,1
DA:34,1
DA:35,3
DA:36,3
DA:40,1
DA:41,1
DA:46,1
DA:60,1
DA:62,1
DA:74,1
DA:75,1
DA:76,1
DA:77,1
DA:82,1
DA:83,6
DA:85,1
DA:87,3
DA:88,2
DA:89,2
DA:90,2
DA:91,3
DA:92,3
DA:93,6
DA:94,5
DA:95,2
DA:96,1
DA:97,3
DA:98,3
DA:99,3
DA:100,3
DA:101,3
DA:102,3
DA:105,1
DA:106,4
DA:110,2
DA:115,1
DA:116,1
DA:117,1
DA:119,1
DA:120,1
DA:123,1
DA:125,2
DA:126,2
DA:131,1
DA:132,2
DA:133,4
DA:135,0
DA:136,5
DA:137,1
DA:138,4
DA:139,0
DA:140,3
DA:144,1
DA:145,6
DA:147,1
DA:148,1
DA:149,13
DA:151,0
DA:154,1
DA:156,4
DA:157,1
DA:160,1
DA:161,3
DA:162,2
DA:164,1
DA:165,1
DA:166,1
DA:167,1
DA:168,2
DA:169,3
DA:170,2
DA:171,3
DA:172,3
DA:173,3
DA:181,1
DA:182,1
DA:185,1
DA:186,1
DA:187,1
DA:188,1
DA:189,1
DA:191,3
DA:192,5
DA:193,4
DA:194,0
DA:201,1
DA:203,1
DA:204,1
DA:205,1
DA:207,1
DA:209,1
DA:210,1
DA:219,1
DA:227,1
DA:228,1
DA:230,1
DA:231,1
DA:232,1
DA:236,1
DA:238,4
DA:240,3
DA:242,3
DA:243,1
DA:251,5
DA:254,2
DA:256,2
DA:257,2
DA:258,3
DA:259,2
DA:260,3
DA:261,3
DA:262,2
DA:263,0
DA:264,1
DA:265,2
DA:268,3
DA:269,1
DA:270,2
DA:271,2
DA:272,2
DA:274,2
DA:277,2
DA:280,1
DA:283,1
DA:285,6
DA:286,2
DA:287,1
DA:288,1
DA:289,2
DA:290,3
DA:297,1
DA:298,4
DA:299,1
DA:300,1
DA:301,1
DA:302,4
DA:307,1
DA:308,4
DA:309,1
DA:310,1
DA:311,3
DA:312,3
DA:313,2
DA:314,1
DA:315,1
DA:316,1
DA:317,1
DA:318,1
DA:319,1
DA:320,1
DA:325,1
DA:332,1
DA:340,4
DA:341,4
DA:342,5
DA:343,1
DA:345,2
DA:348,1
DA:349,1
DA:350,1
DA:351,1
DA:352,1
DA:354,1
DA:355,1
DA:356,1
DA:358,1
DA:359,1
DA:361,1
DA:362,1
DA:363,1
DA:370,1
DA:372,1
DA:377,1
DA:385,1
DA:391,4
DA:392,1
DA:393,3
DA:394,1
DA:395,1
DA:407,1
DA:413,1
DA:414,1
DA:415,2
DA:416,1
DA:417,2
DA:418,1
DA:419,2
DA:420,1
DA:421,1
DA:423,1
DA:427,1
DA:429,2
DA:430,4
DA:431,2
DA:439,1
DA:446,5
DA:447,2
DA:448,3
DA:449,3
DA:450,1
DA:451,4
DA:452,2
DA:453,3
DA:454,3
DA:455,1
DA:456,3
DA:458,2
DA:459,1
DA:462,5
DA:466,1
DA:475,1
DA:476,1
DA:477,2
DA:478,1
DA:479,2
DA:481,1
DA:482,1
DA:483,2
DA:484,1
DA:485,2
DA:488,2
DA:489,4
DA:490,1
DA:491,2
DA:492,1
DA:493,1
DA:494,1
DA:495,1
DA:496,1
DA:497,1
DA:498,1
DA:499,2
DA:500,1
DA:501,1
DA:502,1
DA:503,1
DA:504,1
DA:505,1
DA:506,1
DA:507,2
DA:508,4
DA:509,1
DA:510,2
DA:511,1
DA:512,2
DA:513,1
DA:514,2
DA:515,1
DA:516,3
DA:517,1
DA:518,1
DA:523,1
DA:524,2
DA:528,1
DA:529,1
DA:530,2
DA:533,1
DA:534,1
DA:535,2
DA:536,4
DA:538,0
DA:539,0
DA:543,1
DA:544,1
DA:545,2
DA:546,4
DA:547,4
DA:548,4
DA:550,0
DA:551,0
DA:552,0
DA:553,0
LF:272
LH:261
end_of_record
SF:lib\services\photo_store.dart
DA:19,1
DA:29,1
DA:30,2
DA:31,2
DA:32,2
DA:34,0
DA:35,0
DA:36,0
DA:37,0
DA:38,0
DA:42,0
DA:44,2
DA:45,1
DA:46,1
DA:47,1
DA:48,1
DA:49,1
DA:50,1
DA:51,2
DA:54,2
DA:55,1
DA:56,1
DA:57,2
DA:58,2
DA:59,1
DA:60,1
DA:61,2
DA:62,0
DA:79,0
DA:81,0
DA:82,0
DA:85,0
DA:86,0
DA:87,0
DA:88,0
DA:89,0
DA:91,0
DA:92,0
DA:94,0
DA:95,0
DA:104,1
DA:112,0
DA:113,1
DA:114,6
DA:115,6
DA:116,1
DA:117,1
DA:122,1
DA:131,1
DA:136,4
DA:137,1
DA:139,1
DA:140,1
DA:141,4
DA:143,1
DA:145,1
DA:146,1
DA:147,1
DA:156,3
DA:157,3
DA:163,1
DA:164,0
DA:165,1
DA:166,1
DA:167,3
DA:169,2
DA:170,1
DA:171,2
DA:172,2
DA:173,2
DA:174,3
DA:176,1
DA:177,1
DA:178,2
DA:180,5
DA:184,1
DA:185,3
DA:187,1
DA:188,2
DA:189,1
DA:190,1
DA:196,0
DA:197,0
DA:199,0
DA:201,0
DA:206,1
DA:207,2
DA:208,2
DA:209,3
DA:210,2
DA:211,2
DA:212,2
DA:213,2
DA:217,1
DA:219,1
DA:221,0
DA:223,1
DA:225,3
DA:226,3
DA:229,1
DA:230,1
DA:233,0
DA:237,0
DA:238,0
DA:240,3
LF:105
LH:76
end_of_record
SF:lib\services\survey_logic.dart
DA:13,1
DA:14,2
DA:16,2
DA:17,2
DA:18,1
DA:27,1
DA:31,2
DA:33,2
DA:34,2
DA:35,2
DA:36,2
DA:45,1
DA:50,2
DA:51,3
DA:53,1
DA:55,2
DA:56,2
DA:57,1
DA:64,1
DA:65,2
DA:66,2
DA:68,3
DA:71,1
DA:73,1
DA:74,0
DA:75,0
DA:100,7
DA:102,0
DA:103,0
DA:110,1
DA:112,1
DA:113,1
DA:116,1
DA:117,1
DA:118,2
DA:122,1
DA:123,9
DA:124,2
DA:126,4
DA:128,3
DA:130,1
DA:131,2
DA:134,1
DA:135,2
DA:138,1
DA:139,2
DA:143,2
DA:144,1
DA:147,1
DA:148,1
DA:151,1
DA:152,11
DA:153,1
DA:156,1
DA:158,2
DA:162,1
DA:163,1
DA:166,1
DA:169,1
DA:170,1
DA:171,2
DA:172,1
DA:173,8
DA:174,4
DA:175,2
DA:177,6
DA:178,12
DA:179,0
DA:181,3
DA:182,1
DA:183,0
DA:187,1
DA:188,2
DA:189,8
DA:190,2
DA:191,1
DA:192,8
DA:193,4
DA:194,2
DA:196,6
DA:197,3
DA:202,1
DA:203,1
DA:204,8
DA:205,2
DA:207,4
DA:208,4
DA:209,5
DA:210,5
DA:211,2
DA:212,8
DA:213,2
DA:216,4
DA:219,1
DA:220,1
DA:221,8
DA:222,2
DA:224,4
DA:226,1
DA:227,1
DA:228,1
DA:229,1
DA:230,1
DA:231,1
DA:233,1
DA:237,1
DA:238,3
DA:240,2
DA:241,1
DA:242,2
DA:243,1
DA:246,4
DA:247,1
DA:248,1
DA:251,0
DA:254,5
DA:256,1
DA:257,4
DA:258,4
DA:259,1
DA:261,3
DA:269,1
DA:271,1
DA:272,1
DA:276,1
DA:277,1
DA:278,3
DA:279,1
DA:280,1
DA:281,2
DA:286,1
DA:287,1
DA:288,3
DA:289,1
DA:290,1
DA:291,2
DA:296,1
DA:297,3
DA:298,1
DA:299,1
DA:300,1
DA:302,1
DA:305,1
DA:306,1
DA:307,3
DA:308,4
DA:309,2
DA:310,1
DA:311,1
DA:316,1
DA:317,1
DA:318,7
DA:319,2
DA:320,1
DA:321,2
DA:322,2
DA:325,2
DA:331,1
DA:332,1
DA:333,7
DA:334,2
DA:335,1
DA:336,2
DA:338,1
DA:339,1
DA:340,1
DA:341,1
DA:342,1
DA:343,1
DA:344,1
DA:353,1
DA:354,3
DA:355,0
DA:356,0
DA:357,0
DA:360,1
DA:363,1
DA:364,1
DA:365,1
DA:366,1
DA:367,1
DA:368,2
DA:369,1
DA:370,1
DA:371,1
DA:372,1
DA:373,1
DA:374,3
DA:375,1
DA:376,1
DA:377,2
DA:378,1
DA:380,4
DA:381,4
DA:382,3
DA:383,1
DA:384,1
DA:385,1
DA:386,3
DA:389,1
DA:398,1
DA:399,3
DA:402,1
DA:403,1
DA:404,2
DA:407,1
DA:408,3
DA:411,1
DA:412,1
DA:413,2
DA:416,1
DA:417,3
DA:420,1
DA:422,1
DA:423,1
DA:424,2
DA:425,1
DA:426,4
DA:428,0
DA:431,1
DA:433,1
DA:434,3
DA:435,1
DA:436,3
DA:437,1
DA:438,1
DA:439,1
DA:440,1
DA:441,2
DA:443,1
DA:444,1
DA:445,1
DA:446,1
DA:447,1
DA:448,1
DA:449,1
DA:450,1
DA:454,0
DA:455,0
DA:457,0
DA:458,0
DA:459,0
DA:460,0
DA:461,0
DA:462,0
DA:463,0
DA:464,0
DA:470,2
DA:472,4
DA:474,5
DA:476,1
DA:478,1
DA:479,0
DA:480,0
LF:254
LH:231
end_of_record
SF:lib\services\location_service.dart
DA:4,0
DA:5,0
DA:11,0
DA:12,0
DA:13,0
DA:14,0
DA:16,0
DA:17,0
DA:20,0
DA:21,0
DA:24,0
DA:26,0
DA:28,0
DA:30,0
DA:32,0
DA:34,0
LF:16
LH:0
end_of_record
SF:lib\services\xlsform_parser.dart
DA:22,2
DA:25,2
DA:26,0
DA:27,0
DA:30,2
DA:32,4
DA:34,8
DA:39,2
DA:40,4
DA:41,0
DA:44,4
DA:45,2
DA:46,2
DA:47,2
DA:49,0
DA:54,4
DA:55,4
DA:57,2
DA:58,6
DA:59,2
DA:60,2
DA:61,4
DA:63,2
DA:72,2
DA:75,2
DA:76,0
DA:79,2
DA:80,6
DA:81,4
DA:82,3
DA:83,6
DA:84,4
DA:85,1
DA:86,4
DA:88,6
DA:94,2
DA:95,6
DA:96,2
DA:97,6
DA:100,2
DA:101,2
DA:102,6
DA:103,6
DA:104,2
DA:105,4
DA:110,2
DA:111,2
DA:113,1
DA:114,3
DA:115,1
DA:116,1
DA:117,3
DA:120,2
DA:121,1
DA:122,2
DA:123,2
DA:124,4
DA:126,2
DA:127,4
DA:128,4
DA:129,4
DA:130,4
DA:131,4
DA:132,6
DA:135,2
DA:137,2
DA:138,6
DA:139,4
DA:140,6
DA:142,4
DA:143,6
DA:145,4
DA:153,2
DA:154,2
DA:157,2
DA:158,4
DA:160,4
DA:161,2
DA:162,2
DA:163,2
DA:166,6
DA:167,4
DA:168,4
DA:169,4
DA:172,6
DA:173,4
DA:180,2
DA:189,2
DA:190,2
DA:191,2
DA:193,2
DA:194,0
DA:195,0
DA:199,2
DA:201,6
DA:208,2
DA:209,2
DA:210,2
DA:211,1
DA:217,2
DA:221,5
DA:222,7
DA:223,5
DA:224,5
DA:225,5
DA:227,6
DA:228,8
DA:229,6
DA:233,2
DA:237,12
DA:238,4
DA:239,1
DA:242,2
DA:244,1
DA:245,2
DA:247,0
DA:250,2
DA:252,2
DA:259,2
DA:261,2
DA:262,2
DA:264,2
DA:266,2
DA:268,2
DA:270,2
DA:272,2
DA:273,2
DA:275,2
DA:276,2
DA:278,2
DA:280,2
DA:282,2
DA:284,2
DA:286,2
DA:288,2
DA:291,2
DA:293,1
DA:294,1
DA:296,1
DA:297,1
DA:302,2
DA:303,4
DA:304,4
DA:305,2
DA:311,2
DA:313,2
DA:314,2
DA:315,1
DA:316,1
DA:317,1
DA:324,1
DA:325,1
DA:326,1
DA:327,1
DA:334,2
DA:336,0
DA:337,0
LF:157
LH:147
end_of_record
SF:lib\services\xlsx_reader.dart
DA:11,1
DA:13,0
DA:14,0
DA:23,2
DA:30,2
DA:33,2
DA:34,4
DA:35,4
DA:37,2
DA:38,4
DA:39,6
DA:44,8
DA:59,2
DA:60,12
DA:61,1
DA:69,4
DA:71,0
DA:72,0
DA:76,2
DA:78,1
DA:86,4
DA:88,0
DA:89,0
DA:93,2
DA:94,2
DA:96,2
DA:97,4
DA:98,2
DA:99,2
DA:100,2
DA:101,2
DA:104,4
DA:108,4
DA:109,4
DA:110,6
DA:112,0
DA:113,0
DA:118,2
DA:123,2
DA:124,4
DA:125,4
DA:130,2
DA:131,2
DA:132,4
DA:137,2
DA:138,2
DA:139,2
DA:144,4
DA:149,4
DA:150,2
DA:151,2
DA:153,2
DA:159,2
DA:160,3
DA:161,2
DA:162,2
DA:164,2
DA:165,0
DA:172,2
DA:174,4
DA:175,6
DA:176,0
DA:181,2
DA:186,4
DA:191,2
DA:192,4
DA:193,4
DA:199,2
DA:200,2
DA:201,4
DA:202,12
DA:205,4
DA:207,2
DA:212,2
DA:219,2
DA:222,4
DA:223,4
DA:224,2
DA:225,2
DA:226,2
DA:228,6
DA:229,4
DA:230,4
DA:232,2
DA:233,2
DA:234,6
DA:238,2
DA:239,4
DA:240,2
DA:241,2
DA:242,4
DA:243,2
DA:245,2
DA:251,2
DA:252,2
DA:254,6
DA:255,2
DA:256,4
DA:257,6
DA:262,4
DA:265,2
DA:266,2
DA:268,2
DA:269,2
DA:270,6
DA:272,6
DA:275,2
DA:276,2
DA:277,2
DA:279,1
DA:280,1
DA:281,2
DA:282,0
DA:283,0
DA:284,2
DA:285,2
DA:286,0
DA:288,6
LF:118
LH:105
end_of_record
SF:lib\state\project_state.dart
DA:6,2
DA:8,1
DA:9,2
DA:10,1
DA:11,1
LF:5
LH:5
end_of_record
SF:lib\ui\photo_capture_screen.dart
DA:12,7
DA:14,0
DA:15,0
DA:26,0
DA:27,0
DA:30,0
DA:39,0
DA:40,0
DA:41,0
DA:42,0
DA:43,0
DA:44,0
DA:47,0
DA:49,0
DA:50,0
DA:54,0
DA:55,0
DA:61,0
DA:71,0
DA:72,0
DA:73,0
DA:74,0
DA:81,0
DA:82,0
DA:84,0
DA:85,0
DA:86,0
DA:88,0
DA:89,0
DA:90,0
DA:91,0
DA:92,0
DA:95,0
DA:96,0
DA:97,0
DA:98,0
DA:99,0
DA:104,0
DA:105,0
DA:106,0
DA:110,0
DA:111,0
DA:113,0
DA:116,0
DA:118,0
DA:119,0
DA:122,0
DA:124,0
DA:129,0
DA:130,0
DA:131,0
DA:132,0
DA:133,0
DA:135,0
DA:136,0
DA:137,0
DA:138,0
DA:140,0
DA:141,0
DA:144,0
DA:145,0
DA:146,0
DA:148,0
DA:150,0
DA:157,0
DA:158,0
DA:159,0
DA:160,0
DA:162,0
DA:163,0
DA:166,0
DA:169,0
DA:170,0
DA:173,0
DA:179,0
DA:184,0
DA:185,0
DA:186,0
DA:187,0
DA:188,0
DA:194,0
DA:195,0
DA:196,0
DA:207,0
DA:208,0
DA:209,0
DA:211,0
DA:212,0
DA:213,0
DA:214,0
DA:215,0
DA:216,0
DA:222,0
DA:224,0
DA:225,0
DA:226,0
DA:227,0
DA:228,0
DA:229,0
DA:230,0
DA:231,0
DA:232,0
DA:235,0
DA:236,0
DA:237,0
DA:238,0
DA:239,0
DA:242,0
DA:243,0
DA:245,0
DA:246,0
DA:247,0
DA:248,0
DA:250,0
DA:254,0
DA:255,0
DA:256,0
DA:257,0
DA:259,0
DA:261,0
DA:265,0
DA:266,0
DA:267,0
DA:269,0
DA:279,0
DA:280,0
DA:281,0
DA:282,0
DA:283,0
DA:289,0
DA:290,0
DA:291,0
LF:132
LH:1
end_of_record
SF:lib\ui\photo_gallery_screen.dart
DA:10,6
DA:12,0
DA:13,0
DA:20,0
DA:22,0
DA:23,0
DA:26,0
DA:28,0
DA:29,0
DA:30,0
DA:31,0
DA:32,0
DA:35,0
DA:36,0
DA:37,0
DA:42,0
DA:43,0
DA:44,0
DA:45,0
DA:48,0
DA:49,0
DA:53,0
DA:54,0
DA:55,0
DA:56,0
DA:61,0
DA:62,0
DA:63,0
DA:66,0
DA:67,0
DA:73,0
DA:74,0
DA:75,0
DA:78,0
DA:80,0
DA:81,0
DA:84,0
DA:88,0
DA:89,0
DA:90,0
DA:92,0
DA:96,0
DA:97,0
DA:98,0
DA:101,0
DA:106,0
DA:113,0
DA:114,0
DA:115,0
DA:116,0
DA:117,0
DA:118,0
DA:119,0
DA:121,0
DA:122,0
DA:123,0
DA:124,0
DA:125,0
DA:126,0
DA:129,0
DA:130,0
DA:134,0
DA:135,0
DA:138,0
DA:162,0
DA:164,0
DA:166,0
DA:168,0
DA:171,0
DA:172,0
DA:175,0
DA:176,0
DA:179,0
DA:183,0
DA:184,0
DA:186,0
DA:189,0
DA:190,0
DA:191,0
DA:192,0
DA:195,0
DA:199,0
DA:200,0
DA:203,0
DA:204,0
DA:205,0
DA:206,0
DA:208,0
DA:212,0
DA:214,0
DA:215,0
DA:222,0
DA:223,0
DA:224,0
DA:226,0
LF:95
LH:1
end_of_record
SF:lib\ui\project_detail_screen.dart
DA:8,1
DA:13,1
DA:14,1
DA:18,3
DA:23,1
DA:25,1
DA:26,1
DA:29,1
DA:30,2
DA:32,2
DA:33,4
DA:40,3
DA:41,1
DA:42,2
DA:43,1
DA:44,1
DA:45,1
DA:49,1
DA:51,2
DA:52,0
DA:54,1
DA:57,1
DA:58,2
DA:59,1
DA:64,4
DA:65,3
DA:66,0
DA:69,5
DA:70,1
DA:71,4
DA:72,1
DA:75,0
DA:76,0
DA:77,0
DA:83,0
DA:84,0
DA:85,0
DA:88,1
DA:94,1
DA:95,1
DA:96,1
DA:97,2
DA:98,1
DA:99,1
DA:103,1
DA:109,1
DA:110,1
DA:111,0
DA:114,1
DA:115,3
DA:123,0
DA:124,0
DA:125,0
DA:126,0
DA:129,1
DA:130,1
DA:132,1
DA:133,1
DA:134,1
DA:135,2
DA:136,1
DA:137,1
DA:138,1
DA:139,1
DA:140,2
DA:143,1
DA:144,1
DA:145,0
DA:148,1
DA:149,2
DA:150,1
DA:155,1
DA:156,2
DA:157,4
DA:159,1
DA:160,5
DA:162,1
DA:163,1
DA:166,1
DA:167,1
DA:168,3
DA:169,2
DA:173,1
DA:175,1
DA:177,1
DA:178,1
DA:179,2
DA:180,1
DA:181,1
DA:182,1
DA:183,1
DA:189,1
DA:191,1
DA:193,1
DA:194,1
DA:195,1
DA:197,1
DA:198,1
DA:199,1
DA:200,2
DA:212,1
DA:213,1
DA:216,2
DA:218,0
DA:219,1
DA:221,1
DA:222,1
DA:225,2
DA:226,0
DA:227,0
DA:228,0
DA:229,0
DA:234,1
DA:235,1
DA:237,4
DA:241,1
DA:242,1
DA:245,2
DA:247,1
DA:248,1
DA:255,1
DA:256,0
DA:258,1
DA:259,1
DA:263,1
DA:265,1
DA:271,1
DA:273,2
DA:276,1
DA:283,1
DA:289,1
DA:291,1
DA:292,1
DA:294,1
DA:295,1
DA:296,1
DA:297,2
DA:299,1
DA:300,1
DA:301,2
DA:303,1
DA:304,1
DA:306,1
DA:307,1
DA:309,2
DA:312,1
LF:146
LH:126
end_of_record
SF:lib\ui\survey_history_screen.dart
DA:6,7
DA:8,0
DA:9,0
DA:16,0
DA:18,0
DA:19,0
DA:22,0
DA:24,0
DA:25,0
DA:28,0
DA:30,0
DA:31,0
DA:33,0
DA:34,0
DA:37,0
DA:38,0
DA:39,0
DA:45,0
DA:46,0
DA:47,0
DA:48,0
DA:54,0
DA:55,0
DA:56,0
DA:60,0
DA:62,0
DA:63,0
DA:64,0
DA:66,0
DA:67,0
DA:70,0
DA:73,0
DA:75,0
DA:76,0
DA:80,0
DA:82,0
DA:83,0
DA:91,0
DA:93,0
DA:94,0
DA:95,0
DA:96,0
DA:98,0
DA:100,0
DA:102,0
DA:103,0
DA:104,0
DA:105,0
DA:106,0
DA:107,0
DA:108,0
DA:116,0
DA:117,0
DA:118,0
DA:121,0
DA:126,0
DA:127,0
DA:128,0
DA:131,0
DA:134,0
DA:135,0
DA:136,0
DA:137,0
DA:153,0
DA:154,0
DA:155,0
DA:156,0
DA:157,0
DA:158,0
DA:159,0
DA:160,0
DA:162,0
DA:166,0
DA:167,0
DA:168,0
DA:170,0
DA:172,0
DA:173,0
DA:174,0
DA:175,0
DA:176,0
DA:177,0
DA:179,0
LF:83
LH:1
end_of_record
SF:lib\ui\project_setup_screen.dart
DA:10,2
DA:14,1
DA:15,1
DA:20,3
DA:24,1
DA:26,1
DA:27,1
DA:30,1
DA:31,2
DA:32,1
DA:33,2
DA:34,5
DA:35,5
DA:39,1
DA:40,3
DA:41,1
DA:42,0
DA:45,2
DA:46,2
DA:50,2
DA:51,2
DA:52,1
DA:54,1
DA:55,3
DA:56,2
DA:59,1
DA:60,1
DA:61,3
DA:62,2
DA:66,0
DA:67,0
DA:68,0
DA:69,0
DA:70,0
DA:75,1
DA:76,3
DA:77,1
DA:78,2
DA:79,1
DA:80,1
DA:86,1
DA:88,2
DA:89,2
DA:90,0
DA:92,1
DA:95,1
DA:97,1
DA:98,1
DA:100,1
DA:101,1
DA:103,1
DA:105,1
DA:107,0
DA:108,0
DA:109,0
DA:110,0
DA:111,0
DA:112,0
DA:123,1
DA:125,1
DA:127,1
DA:133,1
DA:134,1
DA:142,1
DA:143,1
DA:153,1
DA:154,4
DA:160,1
DA:161,1
DA:162,1
DA:163,1
DA:164,1
DA:166,2
DA:167,2
DA:169,0
DA:170,0
DA:174,0
DA:175,1
DA:177,1
DA:178,1
DA:184,2
DA:191,2
DA:193,0
DA:195,0
DA:197,0
DA:201,0
DA:202,0
DA:203,0
DA:204,0
DA:209,0
DA:210,0
DA:211,0
DA:214,0
LF:93
LH:66
end_of_record
SF:lib\ui\survey_form_builder_screen.dart
DA:10,0
DA:16,0
DA:17,0
DA:25,0
DA:27,0
DA:28,0
DA:29,0
DA:30,0
DA:31,0
DA:34,0
DA:36,0
DA:37,0
DA:38,0
DA:41,0
DA:42,0
DA:43,0
DA:44,0
DA:45,0
DA:46,0
DA:47,0
DA:49,0
DA:55,0
DA:56,0
DA:57,0
DA:58,0
DA:59,0
DA:60,0
DA:61,0
DA:62,0
DA:64,0
DA:70,0
DA:71,0
DA:72,0
DA:76,0
DA:77,0
DA:78,0
DA:84,0
DA:85,0
DA:91,0
DA:92,0
DA:93,0
DA:94,0
DA:95,0
DA:96,0
DA:99,0
DA:100,0
DA:103,0
DA:104,0
DA:106,0
DA:109,0
DA:111,0
DA:112,0
DA:114,0
DA:119,0
DA:121,0
DA:123,0
DA:124,0
DA:125,0
DA:126,0
DA:127,0
DA:129,0
DA:130,0
DA:132,0
DA:133,0
DA:135,0
DA:139,0
DA:140,0
DA:141,0
DA:142,0
DA:146,0
DA:148,0
DA:149,0
DA:151,0
DA:152,0
DA:155,0
DA:157,0
DA:159,0
DA:160,0
DA:161,0
DA:169,0
DA:171,0
DA:173,0
DA:174,0
DA:176,0
DA:181,0
DA:182,0
DA:190,0
DA:191,0
DA:200,0
DA:202,0
DA:203,0
DA:204,0
DA:205,0
DA:209,0
DA:210,0
DA:217,0
DA:218,0
DA:219,0
DA:221,0
DA:223,0
DA:228,0
DA:235,0
DA:236,0
DA:237,0
DA:238,0
DA:239,0
DA:241,0
DA:243,0
DA:244,0
DA:246,0
DA:247,0
DA:248,0
DA:250,0
DA:251,0
DA:252,0
DA:253,0
DA:258,0
DA:259,0
DA:260,0
DA:262,0
DA:268,0
DA:269,0
DA:270,0
DA:271,0
DA:280,0
DA:281,0
DA:294,0
DA:296,0
DA:298,0
DA:299,0
DA:300,0
DA:302,0
DA:303,0
DA:304,0
DA:306,0
DA:325,0
DA:330,0
DA:331,0
DA:347,0
DA:349,0
DA:350,0
DA:351,0
DA:352,0
DA:353,0
DA:354,0
DA:355,0
DA:356,0
DA:357,0
DA:358,0
DA:359,0
DA:360,0
DA:361,0
DA:362,0
DA:363,0
DA:364,0
DA:365,0
DA:368,0
DA:370,0
DA:371,0
DA:372,0
DA:373,0
DA:374,0
DA:375,0
DA:376,0
DA:377,0
DA:378,0
DA:381,0
DA:382,0
DA:383,0
DA:389,0
DA:390,0
DA:391,0
DA:392,0
DA:393,0
DA:399,0
DA:400,0
DA:401,0
DA:402,0
DA:403,0
DA:404,0
DA:406,0
DA:407,0
DA:409,0
DA:410,0
DA:412,0
DA:413,0
DA:415,0
DA:417,0
DA:418,0
DA:421,0
DA:424,0
DA:425,0
DA:426,0
DA:427,0
DA:428,0
DA:429,0
DA:430,0
DA:437,0
DA:438,0
DA:439,0
DA:440,0
DA:441,0
DA:442,0
DA:443,0
DA:444,0
DA:445,0
DA:446,0
DA:453,0
DA:455,0
DA:456,0
DA:457,0
DA:459,0
DA:462,0
DA:463,0
DA:465,0
DA:470,0
DA:471,0
DA:478,0
DA:479,0
DA:487,0
DA:488,0
DA:495,0
DA:496,0
DA:497,0
DA:499,0
DA:500,0
DA:508,0
DA:509,0
DA:511,0
DA:514,0
DA:516,0
DA:518,0
DA:520,0
DA:523,0
DA:526,0
DA:529,0
DA:530,0
DA:531,0
DA:534,0
DA:536,0
DA:539,0
DA:541,0
DA:544,0
DA:545,0
DA:550,0
DA:551,0
DA:559,0
DA:560,0
DA:561,0
DA:568,0
DA:569,0
DA:570,0
DA:578,0
DA:579,0
DA:587,0
DA:588,0
DA:589,0
DA:590,0
DA:591,0
DA:593,0
DA:594,0
DA:595,0
DA:596,0
DA:600,0
DA:603,0
DA:607,0
DA:608,0
DA:610,0
DA:612,0
DA:616,0
DA:617,0
DA:621,0
DA:622,0
DA:625,0
DA:627,0
DA:629,0
DA:630,0
DA:631,0
DA:635,0
DA:637,0
DA:638,0
DA:644,0
DA:645,0
DA:647,0
DA:648,0
DA:649,0
DA:650,0
DA:655,0
DA:656,0
DA:658,0
DA:659,0
DA:660,0
DA:664,0
DA:665,0
DA:684,0
DA:690,0
DA:691,0
DA:698,0
DA:700,0
DA:701,0
DA:702,0
DA:705,0
DA:707,0
DA:708,0
DA:709,0
DA:712,0
DA:713,0
DA:714,0
DA:715,0
DA:716,0
DA:721,0
DA:722,0
DA:725,0
DA:727,0
DA:728,0
DA:730,0
DA:733,0
DA:734,0
DA:735,0
DA:736,0
DA:741,0
DA:742,0
DA:750,0
DA:751,0
DA:759,0
DA:761,0
DA:762,0
DA:763,0
DA:767,0
DA:768,0
LF:330
LH:0
end_of_record
SF:lib\ui\survey_screen.dart
DA:12,0
DA:16,0
DA:17,0
DA:27,0
DA:29,0
DA:30,0
DA:33,0
DA:34,0
DA:35,0
DA:36,0
DA:37,0
DA:38,0
DA:42,0
DA:44,0
DA:45,0
DA:48,0
DA:49,0
DA:50,0
DA:51,0
DA:52,0
DA:53,0
DA:54,0
DA:55,0
DA:56,0
DA:57,0
DA:58,0
DA:61,0
DA:62,0
DA:63,0
DA:66,0
DA:73,0
DA:74,0
DA:75,0
DA:76,0
DA:78,0
DA:79,0
DA:80,0
DA:81,0
DA:84,0
DA:85,0
DA:91,0
DA:92,0
DA:93,0
DA:96,0
DA:98,0
DA:99,0
DA:100,0
DA:102,0
DA:103,0
DA:104,0
DA:105,0
DA:110,0
DA:111,0
DA:112,0
DA:113,0
DA:115,0
DA:116,0
DA:122,0
DA:123,0
DA:125,0
DA:126,0
DA:129,0
DA:133,0
DA:135,0
DA:137,0
DA:143,0
DA:144,0
DA:145,0
DA:148,0
DA:149,0
DA:150,0
DA:151,0
DA:152,0
DA:153,0
DA:154,0
DA:155,0
DA:156,0
DA:161,0
DA:162,0
DA:163,0
DA:164,0
DA:165,0
DA:166,0
DA:170,0
DA:171,0
DA:175,0
DA:177,0
DA:179,0
DA:181,0
DA:185,0
DA:186,0
DA:188,0
DA:189,0
DA:203,0
DA:204,0
DA:205,0
DA:206,0
DA:208,0
DA:212,0
DA:215,0
DA:216,0
DA:218,0
DA:219,0
DA:220,0
DA:225,0
DA:226,0
DA:227,0
DA:228,0
DA:230,0
DA:231,0
DA:232,0
DA:233,0
DA:239,0
DA:240,0
DA:241,0
DA:251,0
DA:257,0
DA:259,0
DA:260,0
DA:262,0
DA:263,0
DA:264,0
DA:265,0
DA:267,0
DA:268,0
DA:269,0
DA:270,0
DA:272,0
DA:273,0
DA:274,0
DA:275,0
DA:277,0
DA:281,0
DA:282,0
DA:283,0
DA:284,0
DA:288,0
DA:289,0
DA:290,0
DA:293,0
DA:296,0
DA:297,0
DA:298,0
DA:300,0
DA:308,0
DA:311,0
DA:325,0
DA:330,0
DA:332,0
DA:334,0
DA:335,0
DA:336,0
DA:338,0
DA:340,0
DA:341,0
DA:342,0
DA:343,0
DA:348,0
DA:349,0
DA:350,0
DA:351,0
DA:355,0
DA:356,0
DA:357,0
DA:360,0
DA:363,0
DA:364,0
DA:365,0
DA:367,0
LF:169
LH:0
end_of_record
SF:lib\ui\survey_form_detail_screen.dart
DA:11,0
DA:20,0
DA:21,0
DA:29,0
DA:31,0
DA:32,0
DA:33,0
DA:34,0
DA:37,0
DA:39,0
DA:40,0
DA:43,0
DA:45,0
DA:47,0
DA:51,0
DA:52,0
DA:53,0
DA:54,0
DA:55,0
DA:58,0
DA:59,0
DA:60,0
DA:61,0
DA:67,0
DA:68,0
DA:69,0
DA:71,0
DA:75,0
DA:76,0
DA:77,0
DA:78,0
DA:82,0
DA:83,0
DA:84,0
DA:85,0
DA:86,0
DA:87,0
DA:88,0
DA:89,0
DA:90,0
DA:91,0
DA:92,0
DA:93,0
DA:95,0
DA:96,0
DA:97,0
DA:98,0
DA:99,0
DA:100,0
DA:101,0
DA:104,0
DA:111,0
DA:112,0
DA:113,0
DA:114,0
DA:116,0
DA:117,0
DA:118,0
DA:119,0
DA:122,0
DA:123,0
DA:129,0
DA:130,0
DA:131,0
DA:132,0
DA:135,0
DA:137,0
DA:138,0
DA:140,0
DA:142,0
DA:143,0
DA:145,0
DA:146,0
DA:149,0
DA:153,0
DA:155,0
DA:156,0
DA:157,0
DA:158,0
DA:163,0
DA:164,0
DA:165,0
DA:168,0
DA:169,0
DA:170,0
DA:173,0
DA:174,0
DA:175,0
DA:176,0
DA:177,0
DA:178,0
DA:179,0
DA:180,0
DA:181,0
DA:182,0
DA:192,0
DA:193,0
DA:198,0
DA:200,0
DA:205,0
DA:206,0
DA:208,0
DA:209,0
DA:211,0
DA:216,0
DA:217,0
DA:219,0
DA:220,0
DA:221,0
DA:223,0
DA:225,0
DA:228,0
DA:230,0
DA:231,0
DA:234,0
DA:235,0
DA:236,0
DA:238,0
DA:241,0
DA:243,0
DA:244,0
DA:245,0
DA:250,0
DA:251,0
DA:252,0
DA:254,0
DA:256,0
DA:258,0
DA:262,0
DA:263,0
DA:264,0
DA:265,0
DA:267,0
LF:133
LH:0
end_of_record
SF:lib\ui\survey_form_renderer.dart
DA:16,0
DA:23,0
DA:24,0
DA:32,0
DA:34,0
DA:35,0
DA:36,0
DA:37,0
DA:40,0
DA:41,0
DA:42,0
DA:43,0
DA:44,0
DA:45,0
DA:46,0
DA:48,0
DA:49,0
DA:54,0
DA:55,0
DA:58,0
DA:60,0
DA:61,0
DA:63,0
DA:66,0
DA:67,0
DA:68,0
DA:69,0
DA:70,0
DA:71,0
DA:76,0
DA:80,0
DA:82,0
DA:83,0
DA:84,0
DA:85,0
DA:88,0
DA:89,0
DA:90,0
DA:92,0
DA:93,0
DA:100,0
DA:101,0
DA:102,0
DA:103,0
DA:104,0
DA:108,0
DA:110,0
DA:112,0
DA:114,0
DA:115,0
DA:116,0
DA:117,0
DA:122,0
DA:123,0
DA:124,0
DA:125,0
DA:129,0
DA:130,0
DA:131,0
DA:133,0
DA:134,0
DA:144,0
DA:145,0
DA:147,0
DA:148,0
DA:150,0
DA:154,0
DA:155,0
DA:157,0
DA:158,0
DA:159,0
DA:162,0
DA:168,0
DA:170,0
DA:171,0
DA:172,0
DA:173,0
DA:177,0
DA:178,0
DA:179,0
DA:184,0
DA:185,0
DA:186,0
DA:187,0
DA:190,0
DA:191,0
DA:197,0
DA:198,0
DA:208,0
DA:215,0
DA:217,0
DA:219,0
DA:220,0
DA:221,0
DA:222,0
DA:223,0
DA:224,0
DA:225,0
DA:229,0
DA:230,0
DA:232,0
DA:239,0
DA:241,0
DA:242,0
DA:243,0
DA:244,0
DA:248,0
DA:249,0
DA:254,0
DA:255,0
DA:256,0
DA:257,0
DA:258,0
DA:259,0
DA:260,0
DA:266,0
DA:267,0
DA:268,0
DA:269,0
DA:271,0
DA:278,0
DA:279,0
DA:280,0
DA:281,0
DA:283,0
DA:289,0
DA:290,0
DA:291,0
DA:292,0
DA:294,0
DA:300,0
DA:301,0
DA:306,0
DA:307,0
DA:310,0
DA:311,0
DA:312,0
DA:313,0
DA:318,0
DA:319,0
DA:320,0
DA:321,0
DA:323,0
DA:326,0
DA:327,0
DA:328,0
DA:329,0
DA:334,0
DA:335,0
DA:336,0
DA:337,0
DA:339,0
DA:342,0
DA:343,0
DA:344,0
DA:345,0
DA:346,0
DA:349,0
DA:350,0
DA:351,0
DA:352,0
DA:355,0
DA:356,0
DA:357,0
DA:358,0
DA:361,0
DA:362,0
DA:363,0
DA:364,0
DA:367,0
DA:368,0
DA:369,0
DA:370,0
DA:373,0
DA:374,0
DA:375,0
DA:376,0
DA:379,0
DA:380,0
DA:382,0
DA:383,0
DA:385,0
DA:386,0
DA:387,0
DA:388,0
DA:390,0
DA:391,0
DA:394,0
DA:395,0
DA:396,0
DA:397,0
DA:399,0
DA:402,0
DA:410,0
DA:411,0
DA:413,0
DA:414,0
DA:415,0
DA:416,0
DA:418,0
DA:419,0
DA:420,0
DA:424,0
DA:438,0
DA:444,0
DA:445,0
DA:451,0
DA:453,0
DA:454,0
DA:457,0
DA:459,0
DA:460,0
DA:463,0
DA:465,0
DA:466,0
DA:467,0
DA:468,0
DA:469,0
DA:470,0
DA:471,0
DA:472,0
DA:474,0
DA:476,0
DA:478,0
DA:492,0
DA:497,0
DA:499,0
DA:500,0
DA:501,0
DA:503,0
DA:504,0
DA:505,0
DA:508,0
DA:511,0
DA:513,0
DA:514,0
DA:515,0
DA:517,0
DA:519,0
DA:520,0
DA:521,0
DA:522,0
DA:537,0
DA:542,0
DA:544,0
DA:545,0
DA:546,0
DA:548,0
DA:551,0
DA:554,0
DA:556,0
DA:557,0
DA:558,0
DA:560,0
DA:562,0
DA:563,0
DA:564,0
DA:578,0
DA:583,0
DA:585,0
DA:586,0
DA:587,0
DA:589,0
DA:590,0
DA:591,0
DA:594,0
DA:596,0
DA:599,0
DA:600,0
DA:601,0
DA:602,0
DA:603,0
DA:604,0
DA:606,0
DA:608,0
DA:610,0
DA:611,0
DA:612,0
DA:614,0
DA:616,0
DA:617,0
DA:618,0
DA:619,0
DA:634,0
DA:639,0
DA:640,0
DA:646,0
DA:647,0
DA:648,0
DA:651,0
DA:652,0
DA:653,0
DA:655,0
DA:656,0
DA:657,0
DA:658,0
DA:664,0
DA:668,0
DA:669,0
DA:672,0
DA:673,0
DA:674,0
DA:677,0
DA:678,0
DA:679,0
DA:685,0
DA:687,0
DA:688,0
DA:690,0
DA:691,0
DA:692,0
DA:694,0
DA:695,0
DA:698,0
DA:699,0
DA:702,0
DA:703,0
DA:708,0
DA:709,0
DA:710,0
DA:728,0
DA:733,0
DA:734,0
DA:740,0
DA:741,0
DA:742,0
DA:745,0
DA:746,0
DA:747,0
DA:749,0
DA:750,0
DA:751,0
DA:752,0
DA:758,0
DA:762,0
DA:764,0
DA:765,0
DA:766,0
DA:769,0
DA:770,0
DA:771,0
DA:777,0
DA:779,0
DA:780,0
DA:782,0
DA:783,0
DA:784,0
DA:786,0
DA:787,0
DA:790,0
DA:791,0
DA:792,0
DA:793,0
DA:798,0
DA:799,0
DA:800,0
DA:818,0
DA:820,0
DA:821,0
DA:822,0
DA:823,0
DA:825,0
DA:827,0
DA:828,0
DA:829,0
DA:830,0
DA:840,0
DA:841,0
DA:842,0
DA:845,0
DA:849,0
DA:851,0
DA:852,0
DA:854,0
DA:855,0
DA:856,0
DA:858,0
DA:860,0
DA:861,0
DA:862,0
DA:863,0
DA:864,0
DA:865,0
DA:873,0
DA:874,0
DA:875,0
DA:876,0
DA:879,0
DA:882,0
DA:883,0
DA:886,0
DA:889,0
DA:890,0
DA:896,0
DA:899,0
DA:901,0
DA:902,0
DA:903,0
LF:398
LH:0
end_of_record
SF:lib\app.dart
DA:7,1
DA:9,1
DA:11,1
DA:12,2
DA:13,1
DA:16,1
DA:17,1
LF:7
LH:7
end_of_record
SF:lib\ui\home_screen.dart
DA:14,1
DA:16,1
DA:17,1
DA:23,1
DA:25,1
DA:26,2
DA:27,4
DA:30,1
DA:31,2
DA:32,0
DA:33,0
DA:35,0
DA:36,0
DA:37,0
DA:39,0
DA:41,0
DA:44,0
DA:45,0
DA:49,0
DA:52,0
DA:64,0
DA:65,0
DA:66,0
DA:69,0
DA:70,0
DA:76,0
DA:78,0
DA:79,0
DA:80,0
DA:84,1
DA:86,2
DA:87,1
DA:90,1
DA:92,1
DA:94,1
DA:95,1
DA:99,1
DA:100,1
DA:101,1
DA:103,1
DA:105,1
DA:107,1
DA:110,4
DA:111,1
DA:115,1
DA:117,1
DA:118,1
DA:119,1
DA:121,1
DA:122,1
DA:125,1
DA:126,1
DA:127,2
DA:128,3
DA:135,1
DA:136,2
DA:137,1
DA:138,1
DA:139,1
DA:141,1
DA:142,1
DA:143,1
DA:144,2
DA:146,1
DA:148,1
DA:149,1
DA:151,1
DA:152,1
DA:154,4
DA:155,1
DA:159,1
DA:160,1
DA:161,4
DA:163,1
DA:168,1
DA:171,1
DA:179,1
DA:184,0
DA:185,0
DA:186,0
DA:187,0
DA:193,1
DA:198,0
DA:199,0
DA:200,0
DA:201,0
DA:207,1
DA:212,0
DA:213,0
DA:214,0
DA:219,1
DA:220,1
DA:221,1
DA:222,1
DA:223,0
DA:224,0
DA:225,0
DA:233,1
DA:234,1
DA:235,0
DA:236,0
DA:237,0
DA:245,1
DA:246,1
DA:247,0
DA:248,0
DA:249,0
DA:250,0
DA:251,0
DA:263,1
DA:264,0
DA:265,0
DA:266,0
DA:267,0
DA:284,1
DA:298,1
DA:300,1
DA:302,1
DA:303,1
DA:305,1
DA:306,1
DA:307,1
DA:308,1
DA:310,1
DA:311,1
DA:312,1
DA:315,1
DA:316,2
DA:317,1
DA:319,3
DA:322,1
DA:323,1
DA:325,1
DA:326,1
DA:327,1
DA:328,4
DA:333,1
DA:334,1
DA:335,4
DA:336,1
DA:342,2
LF:141
LH:95
end_of_record
SF:lib\services\data_export_service.dart
DA:7,0
DA:11,0
DA:12,0
DA:13,0
DA:14,0
DA:15,0
DA:17,0
DA:21,0
DA:22,0
DA:26,0
DA:27,0
DA:28,0
DA:30,0
DA:32,0
DA:36,0
DA:38,0
DA:39,0
DA:46,0
DA:50,0
DA:53,0
DA:56,0
DA:58,0
DA:59,0
DA:60,0
DA:63,0
DA:66,0
DA:67,0
DA:68,0
DA:77,0
DA:79,0
DA:82,0
DA:84,0
DA:85,0
DA:87,0
DA:88,0
DA:89,0
DA:91,0
DA:93,0
DA:96,0
DA:102,0
DA:104,0
DA:106,0
DA:108,0
DA:109,0
DA:111,0
DA:114,0
DA:120,0
DA:122,0
LF:48
LH:0
end_of_record
SF:lib\ui\data_export_screen.dart
DA:9,0
DA:11,0
DA:12,0
DA:21,0
DA:23,0
DA:24,0
DA:27,0
DA:28,0
DA:29,0
DA:33,0
DA:34,0
DA:35,0
DA:36,0
DA:37,0
DA:38,0
DA:39,0
DA:40,0
DA:41,0
DA:42,0
DA:43,0
DA:45,0
DA:47,0
DA:48,0
DA:52,0
DA:54,0
DA:55,0
DA:56,0
DA:58,0
DA:61,0
DA:63,0
DA:64,0
DA:65,0
DA:71,0
DA:72,0
DA:73,0
DA:74,0
DA:79,0
DA:81,0
DA:82,0
DA:85,0
DA:87,0
DA:89,0
DA:90,0
DA:92,0
DA:97,0
DA:98,0
DA:99,0
DA:102,0
DA:103,0
DA:106,0
DA:111,0
DA:112,0
DA:113,0
DA:114,0
DA:116,0
DA:120,0
DA:121,0
DA:128,0
DA:129,0
DA:131,0
DA:132,0
DA:133,0
DA:134,0
DA:139,0
DA:142,0
DA:143,0
DA:144,0
DA:145,0
DA:147,0
DA:148,0
DA:149,0
DA:159,0
DA:160,0
DA:162,0
DA:163,0
LF:75
LH:0
end_of_record
SF:lib\ui\gis_mode_screen.dart
DA:10,0
DA:12,0
DA:13,0
DA:21,0
DA:23,0
DA:24,0
DA:27,0
DA:28,0
DA:29,0
DA:30,0
DA:31,0
DA:35,0
DA:37,0
DA:38,0
DA:40,0
DA:41,0
DA:42,0
DA:43,0
DA:45,0
DA:46,0
DA:47,0
DA:48,0
DA:55,0
DA:56,0
DA:57,0
DA:58,0
DA:59,0
DA:61,0
DA:62,0
DA:63,0
DA:64,0
DA:66,0
DA:67,0
DA:70,0
DA:73,0
DA:74,0
DA:75,0
DA:76,0
DA:80,0
DA:82,0
DA:83,0
DA:91,0
DA:94,0
DA:95,0
DA:96,0
DA:106,0
DA:107,0
DA:109,0
DA:110,0
DA:114,0
DA:116,0
DA:117,0
DA:119,0
DA:121,0
DA:122,0
DA:123,0
DA:124,0
DA:125,0
DA:132,0
DA:134,0
DA:136,0
DA:137,0
DA:138,0
DA:139,0
DA:140,0
DA:147,0
DA:149,0
DA:151,0
DA:152,0
DA:153,0
DA:154,0
DA:155,0
DA:162,0
DA:164,0
DA:166,0
DA:167,0
DA:173,0
DA:175,0
DA:177,0
DA:178,0
DA:192,0
DA:193,0
DA:195,0
DA:196,0
DA:198,0
DA:201,0
DA:202,0
DA:204,0
DA:209,0
DA:212,0
DA:213,0
DA:214,0
DA:215,0
DA:217,0
DA:220,0
DA:223,0
DA:224,0
DA:225,0
DA:226,0
DA:228,0
DA:231,0
DA:234,0
DA:235,0
DA:236,0
DA:237,0
DA:239,0
DA:243,0
DA:245,0
DA:246,0
LF:109
LH:0
end_of_record
SF:lib\ui\line_record_screen.dart
DA:16,0
DA:18,0
DA:19,0
DA:37,0
DA:39,0
DA:40,0
DA:43,0
DA:44,0
DA:45,0
DA:46,0
DA:47,0
DA:51,0
DA:52,0
DA:57,0
DA:58,0
DA:59,0
DA:60,0
DA:61,0
DA:62,0
DA:65,0
DA:66,0
DA:67,0
DA:68,0
DA:75,0
DA:76,0
DA:77,0
DA:78,0
DA:82,0
DA:84,0
DA:85,0
DA:86,0
DA:87,0
DA:90,0
DA:91,0
DA:92,0
DA:94,0
DA:95,0
DA:99,0
DA:101,0
DA:105,0
DA:107,0
DA:108,0
DA:109,0
DA:110,0
DA:111,0
DA:112,0
DA:113,0
DA:116,0
DA:117,0
DA:118,0
DA:119,0
DA:122,0
DA:123,0
DA:124,0
DA:125,0
DA:126,0
DA:127,0
DA:130,0
DA:134,0
DA:135,0
DA:136,0
DA:138,0
DA:140,0
DA:141,0
DA:142,0
DA:148,0
DA:149,0
DA:150,0
DA:151,0
DA:155,0
DA:156,0
DA:157,0
DA:158,0
DA:161,0
DA:162,0
DA:163,0
DA:166,0
DA:167,0
DA:172,0
DA:173,0
DA:174,0
DA:179,0
DA:181,0
DA:182,0
DA:183,0
DA:185,0
DA:187,0
DA:188,0
DA:189,0
DA:190,0
DA:193,0
DA:195,0
DA:197,0
DA:204,0
DA:208,0
DA:211,0
DA:214,0
DA:222,0
DA:224,0
DA:225,0
DA:226,0
DA:227,0
DA:229,0
DA:230,0
DA:231,0
DA:232,0
DA:238,0
DA:239,0
DA:241,0
DA:244,0
DA:245,0
DA:246,0
DA:254,0
DA:255,0
DA:256,0
DA:257,0
DA:259,0
DA:260,0
DA:264,0
DA:266,0
DA:267,0
DA:268,0
DA:270,0
DA:271,0
DA:272,0
DA:274,0
DA:275,0
DA:277,0
DA:279,0
DA:280,0
DA:284,0
DA:286,0
DA:287,0
DA:289,0
DA:290,0
DA:291,0
DA:300,0
DA:301,0
DA:302,0
DA:304,0
DA:305,0
DA:306,0
DA:307,0
DA:308,0
DA:309,0
DA:310,0
DA:318,0
DA:319,0
DA:326,0
DA:328,0
DA:329,0
DA:330,0
DA:331,0
DA:332,0
DA:333,0
DA:334,0
DA:335,0
DA:336,0
DA:337,0
DA:343,0
DA:344,0
DA:345,0
DA:346,0
DA:354,0
DA:355,0
DA:356,0
DA:358,0
DA:359,0
DA:360,0
DA:370,0
DA:372,0
DA:373,0
DA:383,0
DA:384,0
DA:397,0
DA:399,0
DA:401,0
DA:402,0
DA:403,0
DA:404,0
DA:408,0
DA:409,0
DA:410,0
LF:183
LH:0
end_of_record
SF:lib\ui\point_record_screen.dart
DA:16,0
DA:21,0
DA:22,0
DA:39,0
DA:41,0
DA:42,0
DA:43,0
DA:46,0
DA:47,0
DA:48,0
DA:49,0
DA:50,0
DA:55,0
DA:56,0
DA:57,0
DA:58,0
DA:59,0
DA:63,0
DA:64,0
DA:69,0
DA:70,0
DA:71,0
DA:72,0
DA:73,0
DA:74,0
DA:77,0
DA:78,0
DA:79,0
DA:80,0
DA:87,0
DA:89,0
DA:90,0
DA:91,0
DA:94,0
DA:95,0
DA:96,0
DA:98,0
DA:99,0
DA:100,0
DA:103,0
DA:104,0
DA:108,0
DA:110,0
DA:114,0
DA:115,0
DA:116,0
DA:117,0
DA:118,0
DA:119,0
DA:120,0
DA:121,0
DA:122,0
DA:125,0
DA:126,0
DA:127,0
DA:128,0
DA:129,0
DA:130,0
DA:131,0
DA:134,0
DA:138,0
DA:139,0
DA:140,0
DA:142,0
DA:144,0
DA:145,0
DA:146,0
DA:152,0
DA:153,0
DA:154,0
DA:155,0
DA:157,0
DA:158,0
DA:159,0
DA:162,0
DA:163,0
DA:164,0
DA:167,0
DA:168,0
DA:176,0
DA:177,0
DA:178,0
DA:180,0
DA:181,0
DA:182,0
DA:187,0
DA:188,0
DA:189,0
DA:190,0
DA:194,0
DA:196,0
DA:197,0
DA:199,0
DA:200,0
DA:201,0
DA:202,0
DA:203,0
DA:204,0
DA:208,0
DA:209,0
DA:212,0
DA:216,0
DA:218,0
DA:220,0
DA:221,0
DA:222,0
DA:223,0
DA:226,0
DA:228,0
DA:230,0
DA:232,0
DA:239,0
DA:243,0
DA:246,0
DA:249,0
DA:257,0
DA:259,0
DA:260,0
DA:261,0
DA:262,0
DA:264,0
DA:265,0
DA:266,0
DA:267,0
DA:273,0
DA:274,0
DA:276,0
DA:279,0
DA:280,0
DA:281,0
DA:289,0
DA:290,0
DA:291,0
DA:293,0
DA:294,0
DA:295,0
DA:299,0
DA:301,0
DA:302,0
DA:303,0
DA:305,0
DA:306,0
DA:307,0
DA:309,0
DA:312,0
DA:313,0
DA:314,0
DA:321,0
DA:322,0
DA:323,0
DA:324,0
DA:325,0
DA:333,0
DA:334,0
DA:336,0
DA:337,0
DA:339,0
DA:344,0
DA:345,0
DA:346,0
DA:347,0
DA:349,0
DA:350,0
DA:351,0
DA:352,0
DA:360,0
DA:362,0
DA:363,0
DA:365,0
DA:367,0
DA:368,0
DA:369,0
DA:370,0
DA:379,0
DA:381,0
DA:382,0
LF:176
LH:0
end_of_record
SF:lib\ui\polygon_record_screen.dart
DA:16,0
DA:18,0
DA:19,0
DA:37,0
DA:39,0
DA:40,0
DA:43,0
DA:44,0
DA:45,0
DA:46,0
DA:47,0
DA:51,0
DA:52,0
DA:57,0
DA:58,0
DA:59,0
DA:60,0
DA:61,0
DA:64,0
DA:65,0
DA:66,0
DA:67,0
DA:74,0
DA:75,0
DA:76,0
DA:77,0
DA:81,0
DA:83,0
DA:84,0
DA:85,0
DA:86,0
DA:89,0
DA:90,0
DA:92,0
DA:93,0
DA:94,0
DA:96,0
DA:97,0
DA:101,0
DA:103,0
DA:107,0
DA:108,0
DA:110,0
DA:111,0
DA:112,0
DA:113,0
DA:114,0
DA:115,0
DA:116,0
DA:119,0
DA:120,0
DA:121,0
DA:122,0
DA:123,0
DA:126,0
DA:127,0
DA:128,0
DA:129,0
DA:130,0
DA:131,0
DA:134,0
DA:138,0
DA:139,0
DA:140,0
DA:142,0
DA:144,0
DA:145,0
DA:146,0
DA:152,0
DA:153,0
DA:154,0
DA:155,0
DA:159,0
DA:160,0
DA:161,0
DA:162,0
DA:165,0
DA:166,0
DA:167,0
DA:170,0
DA:171,0
DA:176,0
DA:177,0
DA:178,0
DA:183,0
DA:185,0
DA:186,0
DA:187,0
DA:189,0
DA:191,0
DA:192,0
DA:193,0
DA:194,0
DA:197,0
DA:199,0
DA:201,0
DA:208,0
DA:212,0
DA:215,0
DA:218,0
DA:226,0
DA:228,0
DA:229,0
DA:230,0
DA:231,0
DA:233,0
DA:234,0
DA:235,0
DA:236,0
DA:242,0
DA:243,0
DA:245,0
DA:248,0
DA:249,0
DA:250,0
DA:258,0
DA:259,0
DA:260,0
DA:261,0
DA:262,0
DA:263,0
DA:265,0
DA:266,0
DA:270,0
DA:272,0
DA:273,0
DA:274,0
DA:276,0
DA:277,0
DA:278,0
DA:280,0
DA:281,0
DA:282,0
DA:284,0
DA:289,0
DA:291,0
DA:292,0
DA:293,0
DA:297,0
DA:299,0
DA:300,0
DA:302,0
DA:303,0
DA:304,0
DA:313,0
DA:314,0
DA:315,0
DA:317,0
DA:318,0
DA:319,0
DA:320,0
DA:321,0
DA:322,0
DA:323,0
DA:331,0
DA:332,0
DA:339,0
DA:341,0
DA:342,0
DA:343,0
DA:344,0
DA:345,0
DA:346,0
DA:347,0
DA:348,0
DA:349,0
DA:350,0
DA:356,0
DA:357,0
DA:358,0
DA:359,0
DA:367,0
DA:368,0
DA:369,0
DA:371,0
DA:372,0
DA:373,0
DA:383,0
DA:384,0
DA:385,0
DA:394,0
DA:395,0
DA:397,0
DA:398,0
DA:399,0
DA:403,0
DA:404,0
DA:405,0
DA:418,0
DA:420,0
DA:422,0
DA:423,0
DA:424,0
DA:425,0
DA:429,0
DA:430,0
DA:431,0
LF:197
LH:0
end_of_record
SF:lib\ui\gps_mode_screen.dart
DA:14,1
DA:16,0
DA:17,0
DA:40,0
DA:42,0
DA:43,0
DA:44,0
DA:45,0
DA:48,0
DA:49,0
DA:50,0
DA:51,0
DA:52,0
DA:57,0
DA:58,0
DA:59,0
DA:60,0
DA:61,0
DA:62,0
DA:63,0
DA:65,0
DA:66,0
DA:67,0
DA:68,0
DA:69,0
DA:74,0
DA:75,0
DA:76,0
DA:77,0
DA:78,0
DA:82,0
DA:83,0
DA:84,0
DA:89,0
DA:90,0
DA:91,0
DA:92,0
DA:93,0
DA:94,0
DA:96,0
DA:97,0
DA:100,0
DA:101,0
DA:102,0
DA:103,0
DA:110,0
DA:111,0
DA:114,0
DA:115,0
DA:116,0
DA:119,0
DA:121,0
DA:123,0
DA:127,0
DA:128,0
DA:129,0
DA:130,0
DA:134,0
DA:136,0
DA:137,0
DA:138,0
DA:143,0
DA:144,0
DA:145,0
DA:149,0
DA:150,0
DA:152,0
DA:153,0
DA:154,0
DA:155,0
DA:156,0
DA:159,0
DA:160,0
DA:161,0
DA:162,0
DA:166,0
DA:167,0
DA:168,0
DA:169,0
DA:170,0
DA:173,0
DA:174,0
DA:175,0
DA:176,0
DA:178,0
DA:179,0
DA:184,0
DA:185,0
DA:186,0
DA:188,0
DA:189,0
DA:190,0
DA:191,0
DA:195,0
DA:196,0
DA:197,0
DA:198,0
DA:199,0
DA:201,0
DA:202,0
DA:203,0
DA:206,0
DA:207,0
DA:209,0
DA:211,0
DA:215,0
DA:216,0
DA:217,0
DA:218,0
DA:220,0
DA:221,0
DA:222,0
DA:223,0
DA:226,0
DA:227,0
DA:233,0
DA:235,0
DA:236,0
DA:238,0
DA:239,0
DA:240,0
DA:243,0
DA:244,0
DA:245,0
DA:246,0
DA:252,0
DA:254,0
DA:255,0
DA:257,0
DA:258,0
DA:259,0
DA:260,0
DA:261,0
DA:265,0
DA:269,0
DA:270,0
DA:272,0
DA:273,0
DA:274,0
DA:276,0
DA:278,0
DA:279,0
DA:280,0
DA:281,0
DA:282,0
DA:283,0
DA:284,0
DA:286,0
DA:293,0
DA:297,0
DA:300,0
DA:303,0
DA:306,0
DA:314,0
DA:316,0
DA:317,0
DA:318,0
DA:319,0
DA:321,0
DA:322,0
DA:323,0
DA:324,0
DA:330,0
DA:331,0
DA:333,0
DA:336,0
DA:337,0
DA:338,0
DA:346,0
DA:347,0
DA:348,0
DA:349,0
DA:351,0
DA:353,0
DA:354,0
DA:355,0
DA:356,0
DA:358,0
DA:359,0
DA:360,0
DA:362,0
DA:363,0
DA:364,0
DA:368,0
DA:369,0
DA:377,0
DA:378,0
DA:380,0
DA:382,0
DA:383,0
DA:384,0
DA:385,0
DA:387,0
DA:388,0
DA:389,0
DA:391,0
DA:394,0
DA:398,0
DA:401,0
DA:403,0
DA:406,0
DA:407,0
DA:412,0
DA:413,0
DA:414,0
DA:415,0
DA:419,0
DA:422,0
DA:424,0
DA:430,0
DA:431,0
DA:435,0
DA:439,0
DA:440,0
DA:444,0
DA:446,0
DA:452,0
DA:453,0
DA:458,0
DA:460,0
DA:468,0
DA:469,0
DA:471,0
DA:472,0
DA:473,0
DA:485,0
DA:490,0
DA:492,0
DA:494,0
DA:495,0
DA:497,0
DA:498,0
DA:499,0
DA:501,0
DA:503,0
DA:514,0
DA:515,0
DA:517,0
DA:518,0
DA:519,0
DA:520,0
DA:524,0
DA:525,0
DA:533,0
DA:534,0
DA:536,0
DA:537,0
DA:538,0
DA:539,0
DA:541,0
DA:542,0
DA:543,0
DA:545,0
DA:548,0
DA:556,0
DA:557,0
DA:558,0
DA:559,0
DA:561,0
DA:562,0
DA:563,0
DA:565,0
DA:566,0
DA:567,0
DA:570,0
DA:572,0
DA:573,0
DA:576,0
DA:577,0
DA:578,0
DA:579,0
DA:581,0
DA:583,0
DA:584,0
DA:585,0
DA:588,0
DA:589,0
DA:592,0
DA:594,0
DA:596,0
DA:597,0
DA:599,0
DA:600,0
DA:601,0
DA:602,0
DA:603,0
DA:604,0
DA:607,0
DA:644,0
DA:648,0
DA:649,0
DA:650,0
DA:651,0
DA:652,0
DA:660,1
DA:662,0
DA:663,0
DA:669,0
DA:671,0
DA:672,0
DA:675,0
DA:677,0
DA:678,0
DA:681,0
DA:683,0
DA:684,0
DA:685,0
DA:686,0
DA:693,0
DA:695,0
DA:696,0
DA:697,0
DA:700,0
DA:701,0
LF:314
LH:2
end_of_record
SF:lib\ui\settings_screen.dart
DA:7,0
DA:9,0
DA:10,0
DA:19,0
DA:21,0
DA:22,0
DA:25,0
DA:26,0
DA:27,0
DA:28,0
DA:29,0
DA:30,0
DA:34,0
DA:36,0
DA:37,0
DA:40,0
DA:41,0
DA:43,0
DA:45,0
DA:46,0
DA:51,0
DA:53,0
DA:54,0
DA:56,0
DA:57,0
DA:59,0
DA:60,0
DA:61,0
DA:69,0
DA:71,0
DA:72,0
DA:74,0
DA:79,0
DA:82,0
DA:85,0
DA:86,0
DA:87,0
DA:96,0
DA:98,0
LF:39
LH:0
end_of_record
SF:lib\services\geometry_service.dart
DA:8,1
DA:14,2
DA:15,2
DA:16,4
DA:17,3
DA:18,3
DA:19,3
DA:20,5
DA:24,1
DA:25,2
DA:27,3
DA:28,2
DA:29,2
DA:30,2
DA:31,1
DA:32,1
DA:40,1
DA:41,2
DA:42,1
DA:43,1
DA:44,1
DA:45,1
DA:46,1
DA:47,1
DA:48,1
DA:54,1
DA:55,2
DA:57,1
DA:59,3
DA:60,1
DA:61,1
DA:64,2
DA:67,3
DA:68,1
DA:69,4
DA:70,1
DA:71,1
DA:72,1
DA:73,1
DA:74,4
DA:76,2
DA:79,1
DA:80,1
DA:81,2
DA:83,3
DA:86,1
DA:87,1
DA:88,3
DA:90,1
DA:91,0
DA:93,2
DA:96,3
LF:52
LH:51
end_of_record
SF:lib\services\track_recorder.dart
DA:21,1
DA:27,1
DA:28,1
DA:29,3
DA:30,4
DA:33,1
DA:34,1
DA:35,6
DA:39,1
DA:40,1
DA:41,1
DA:42,2
DA:43,2
DA:46,1
DA:47,2
DA:48,1
DA:49,5
DA:52,1
DA:53,2
DA:54,1
DA:55,2
DA:60,1
DA:61,1
DA:62,2
DA:64,3
DA:66,1
DA:67,4
DA:68,1
DA:71,3
DA:72,2
DA:74,1
DA:75,1
DA:76,1
DA:77,1
DA:78,1
DA:80,2
DA:83,2
DA:84,1
DA:88,1
DA:89,2
DA:90,2
DA:93,1
DA:94,2
DA:95,1
DA:96,1
DA:97,1
DA:98,1
DA:99,1
DA:100,1
DA:101,1
DA:104,0
DA:105,0
DA:106,0
DA:107,0
DA:108,0
LF:55
LH:50
end_of_record
